WARNING : Could not find a target 'pdf', but found a target 'print' with format='pdf'; using this target.
INFO    : Building target print
INFO    : XSL conversion of /Users/ryanscheirer/Documents/Physics Book/source/main.ptx by /Users/ryanscheirer/.ptx/2.18.1/core/xsl/utilities/pretext-enhanced-source.xsl
INFO    : successful application of /Users/ryanscheirer/.ptx/2.18.1/core/xsl/utilities/pretext-enhanced-source.xsl
INFO    : Generating any needed assets.
INFO    : XSL conversion of /Users/ryanscheirer/Documents/Physics Book/source/main.ptx by /Users/ryanscheirer/.ptx/2.18.1/core/xsl/utilities/pretext-enhanced-source.xsl
INFO    : successful application of /Users/ryanscheirer/.ptx/2.18.1/core/xsl/utilities/pretext-enhanced-source.xsl
INFO    : XSL conversion of /Users/ryanscheirer/Documents/Physics Book/source/main.ptx by /Users/ryanscheirer/.ptx/2.18.1/core/xsl/utilities/pretext-enhanced-source.xsl
INFO    : successful application of /Users/ryanscheirer/.ptx/2.18.1/core/xsl/utilities/pretext-enhanced-source.xsl
INFO    : XSL conversion of /Users/ryanscheirer/Documents/Physics Book/source/main.ptx by /Users/ryanscheirer/.ptx/2.18.1/core/xsl/utilities/pretext-enhanced-source.xsl
INFO    : successful application of /Users/ryanscheirer/.ptx/2.18.1/core/xsl/utilities/pretext-enhanced-source.xsl
INFO    : XSL conversion of /Users/ryanscheirer/Documents/Physics Book/source/main.ptx by /Users/ryanscheirer/.ptx/2.18.1/core/xsl/utilities/pretext-enhanced-source.xsl
INFO    : successful application of /Users/ryanscheirer/.ptx/2.18.1/core/xsl/utilities/pretext-enhanced-source.xsl
INFO    : XSL conversion of /Users/ryanscheirer/Documents/Physics Book/source/main.ptx by /Users/ryanscheirer/.ptx/2.18.1/core/xsl/utilities/pretext-enhanced-source.xsl
INFO    : successful application of /Users/ryanscheirer/.ptx/2.18.1/core/xsl/utilities/pretext-enhanced-source.xsl
INFO    : XSL conversion of /Users/ryanscheirer/Documents/Physics Book/source/main.ptx by /Users/ryanscheirer/.ptx/2.18.1/core/xsl/utilities/pretext-enhanced-source.xsl
INFO    : successful application of /Users/ryanscheirer/.ptx/2.18.1/core/xsl/utilities/pretext-enhanced-source.xsl
INFO    : XSL conversion of /Users/ryanscheirer/Documents/Physics Book/source/main.ptx by /Users/ryanscheirer/.ptx/2.18.1/core/xsl/utilities/pretext-enhanced-source.xsl
INFO    : successful application of /Users/ryanscheirer/.ptx/2.18.1/core/xsl/utilities/pretext-enhanced-source.xsl
INFO    : XSL conversion of /Users/ryanscheirer/Documents/Physics Book/source/main.ptx by /Users/ryanscheirer/.ptx/2.18.1/core/xsl/utilities/pretext-enhanced-source.xsl
INFO    : successful application of /Users/ryanscheirer/.ptx/2.18.1/core/xsl/utilities/pretext-enhanced-source.xsl
INFO    : XSL conversion of /Users/ryanscheirer/Documents/Physics Book/source/main.ptx by /Users/ryanscheirer/.ptx/2.18.1/core/xsl/utilities/pretext-enhanced-source.xsl
INFO    : successful application of /Users/ryanscheirer/.ptx/2.18.1/core/xsl/utilities/pretext-enhanced-source.xsl
INFO    : XSL conversion of /Users/ryanscheirer/Documents/Physics Book/source/main.ptx by /Users/ryanscheirer/.ptx/2.18.1/core/xsl/utilities/pretext-enhanced-source.xsl
INFO    : successful application of /Users/ryanscheirer/.ptx/2.18.1/core/xsl/utilities/pretext-enhanced-source.xsl
INFO    : XSL conversion of /Users/ryanscheirer/Documents/Physics Book/source/main.ptx by /Users/ryanscheirer/.ptx/2.18.1/core/xsl/utilities/pretext-enhanced-source.xsl
INFO    : successful application of /Users/ryanscheirer/.ptx/2.18.1/core/xsl/utilities/pretext-enhanced-source.xsl
INFO    : XSL conversion of /Users/ryanscheirer/Documents/Physics Book/source/main.ptx by /Users/ryanscheirer/.ptx/2.18.1/core/xsl/utilities/pretext-enhanced-source.xsl
INFO    : successful application of /Users/ryanscheirer/.ptx/2.18.1/core/xsl/utilities/pretext-enhanced-source.xsl
INFO    : XSL conversion of /Users/ryanscheirer/Documents/Physics Book/source/main.ptx by /Users/ryanscheirer/.ptx/2.18.1/core/xsl/utilities/pretext-enhanced-source.xsl
INFO    : successful application of /Users/ryanscheirer/.ptx/2.18.1/core/xsl/utilities/pretext-enhanced-source.xsl
INFO    : XSL conversion of /Users/ryanscheirer/Documents/Physics Book/source/main.ptx by /Users/ryanscheirer/.ptx/2.18.1/core/xsl/utilities/pretext-enhanced-source.xsl
INFO    : successful application of /Users/ryanscheirer/.ptx/2.18.1/core/xsl/utilities/pretext-enhanced-source.xsl
INFO    : Finished generating assets.

INFO    : Preparing to build into /Users/ryanscheirer/Documents/Physics Book/output/print.
INFO    : discovering source file's directory name: /Users/ryanscheirer/Documents/Physics Book/source
INFO    : verifying and expanding input directory: /Users/ryanscheirer/Documents/Physics Book/source/../generated-assets
INFO    : input directory expanded to absolute path: /Users/ryanscheirer/Documents/Physics Book/generated-assets
INFO    : verifying and expanding input directory: /Users/ryanscheirer/Documents/Physics Book/source/../assets
INFO    : input directory expanded to absolute path: /Users/ryanscheirer/Documents/Physics Book/assets
INFO    : XSL conversion of /Users/ryanscheirer/Documents/Physics Book/source/main.ptx by /Users/ryanscheirer/.ptx/2.18.1/core/xsl/utilities/report-publisher-variables.xsl
INFO    : successful application of /Users/ryanscheirer/.ptx/2.18.1/core/xsl/utilities/report-publisher-variables.xsl
INFO    : converting /Users/ryanscheirer/Documents/Physics Book/source/main.ptx to LaTeX as /var/folders/yd/797bfkm139s902qlt0w1_59r0000gn/T/ptx-ewk3uyav/main.tex
INFO    : XSL conversion of /Users/ryanscheirer/Documents/Physics Book/source/main.ptx by /Users/ryanscheirer/.ptx/2.18.1/core/xsl/pretext-latex.xsl
INFO    : messages from the log for XSL processing:
INFO    : * PTX:INFO:   checking ONLY the last TWO YEARS of element deprecations.
Rerun with the string parameter "author.deprecations.all" set to "yes" to check your source against all deprecations.
INFO    : successful application of /Users/ryanscheirer/.ptx/2.18.1/core/xsl/pretext-latex.xsl
INFO    : XSL conversion of /Users/ryanscheirer/Documents/Physics Book/source/main.ptx by /Users/ryanscheirer/.ptx/2.18.1/core/xsl/utilities/report-publisher-variables.xsl
INFO    : successful application of /Users/ryanscheirer/.ptx/2.18.1/core/xsl/utilities/report-publisher-variables.xsl
INFO    : Removing temporary directory /var/folders/yd/797bfkm139s902qlt0w1_59r0000gn/T/ptx-ewk3uyav
INFO    : Removing temporary directory /var/folders/yd/797bfkm139s902qlt0w1_59r0000gn/T/ptx-6w5z29v6
INFO    : Removing temporary directory /var/folders/yd/797bfkm139s902qlt0w1_59r0000gn/T/ptx-1hd30ths
INFO    : 
Success! The output is in /Users/ryanscheirer/Documents/Physics Book/output/print.

INFO    : 
