WARNING : Could not find a target 'pdf', but found a target 'print' with format='pdf'; using this target.
INFO    : Building target print
INFO    : XSL conversion of /Users/ryanscheirer/Documents/Physics Book/source/main.ptx by /Users/ryanscheirer/.ptx/2.18.1/core/xsl/utilities/pretext-enhanced-source.xsl
INFO    : successful application of /Users/ryanscheirer/.ptx/2.18.1/core/xsl/utilities/pretext-enhanced-source.xsl
INFO    : Generating any needed assets.
INFO    : XSL conversion of /Users/ryanscheirer/Documents/Physics Book/source/main.ptx by /Users/ryanscheirer/.ptx/2.18.1/core/xsl/utilities/pretext-enhanced-source.xsl
INFO    : successful application of /Users/ryanscheirer/.ptx/2.18.1/core/xsl/utilities/pretext-enhanced-source.xsl
INFO    : XSL conversion of /Users/ryanscheirer/Documents/Physics Book/source/main.ptx by /Users/ryanscheirer/.ptx/2.18.1/core/xsl/utilities/pretext-enhanced-source.xsl
INFO    : successful application of /Users/ryanscheirer/.ptx/2.18.1/core/xsl/utilities/pretext-enhanced-source.xsl
INFO    : XSL conversion of /Users/ryanscheirer/Documents/Physics Book/source/main.ptx by /Users/ryanscheirer/.ptx/2.18.1/core/xsl/utilities/pretext-enhanced-source.xsl
INFO    : successful application of /Users/ryanscheirer/.ptx/2.18.1/core/xsl/utilities/pretext-enhanced-source.xsl
INFO    : XSL conversion of /Users/ryanscheirer/Documents/Physics Book/source/main.ptx by /Users/ryanscheirer/.ptx/2.18.1/core/xsl/utilities/pretext-enhanced-source.xsl
INFO    : successful application of /Users/ryanscheirer/.ptx/2.18.1/core/xsl/utilities/pretext-enhanced-source.xsl
INFO    : XSL conversion of /Users/ryanscheirer/Documents/Physics Book/source/main.ptx by /Users/ryanscheirer/.ptx/2.18.1/core/xsl/utilities/pretext-enhanced-source.xsl
INFO    : successful application of /Users/ryanscheirer/.ptx/2.18.1/core/xsl/utilities/pretext-enhanced-source.xsl
INFO    : XSL conversion of /Users/ryanscheirer/Documents/Physics Book/source/main.ptx by /Users/ryanscheirer/.ptx/2.18.1/core/xsl/utilities/pretext-enhanced-source.xsl
INFO    : successful application of /Users/ryanscheirer/.ptx/2.18.1/core/xsl/utilities/pretext-enhanced-source.xsl
INFO    : XSL conversion of /Users/ryanscheirer/Documents/Physics Book/source/main.ptx by /Users/ryanscheirer/.ptx/2.18.1/core/xsl/utilities/pretext-enhanced-source.xsl
INFO    : successful application of /Users/ryanscheirer/.ptx/2.18.1/core/xsl/utilities/pretext-enhanced-source.xsl
INFO    : XSL conversion of /Users/ryanscheirer/Documents/Physics Book/source/main.ptx by /Users/ryanscheirer/.ptx/2.18.1/core/xsl/utilities/pretext-enhanced-source.xsl
INFO    : successful application of /Users/ryanscheirer/.ptx/2.18.1/core/xsl/utilities/pretext-enhanced-source.xsl
INFO    : XSL conversion of /Users/ryanscheirer/Documents/Physics Book/source/main.ptx by /Users/ryanscheirer/.ptx/2.18.1/core/xsl/utilities/pretext-enhanced-source.xsl
INFO    : successful application of /Users/ryanscheirer/.ptx/2.18.1/core/xsl/utilities/pretext-enhanced-source.xsl
INFO    : XSL conversion of /Users/ryanscheirer/Documents/Physics Book/source/main.ptx by /Users/ryanscheirer/.ptx/2.18.1/core/xsl/utilities/pretext-enhanced-source.xsl
INFO    : successful application of /Users/ryanscheirer/.ptx/2.18.1/core/xsl/utilities/pretext-enhanced-source.xsl
INFO    : XSL conversion of /Users/ryanscheirer/Documents/Physics Book/source/main.ptx by /Users/ryanscheirer/.ptx/2.18.1/core/xsl/utilities/pretext-enhanced-source.xsl
INFO    : successful application of /Users/ryanscheirer/.ptx/2.18.1/core/xsl/utilities/pretext-enhanced-source.xsl
INFO    : XSL conversion of /Users/ryanscheirer/Documents/Physics Book/source/main.ptx by /Users/ryanscheirer/.ptx/2.18.1/core/xsl/utilities/pretext-enhanced-source.xsl
INFO    : successful application of /Users/ryanscheirer/.ptx/2.18.1/core/xsl/utilities/pretext-enhanced-source.xsl
INFO    : XSL conversion of /Users/ryanscheirer/Documents/Physics Book/source/main.ptx by /Users/ryanscheirer/.ptx/2.18.1/core/xsl/utilities/pretext-enhanced-source.xsl
INFO    : successful application of /Users/ryanscheirer/.ptx/2.18.1/core/xsl/utilities/pretext-enhanced-source.xsl
INFO    : XSL conversion of /Users/ryanscheirer/Documents/Physics Book/source/main.ptx by /Users/ryanscheirer/.ptx/2.18.1/core/xsl/utilities/pretext-enhanced-source.xsl
INFO    : successful application of /Users/ryanscheirer/.ptx/2.18.1/core/xsl/utilities/pretext-enhanced-source.xsl
INFO    : downloading YouTube thumbnails from /Users/ryanscheirer/Documents/Physics Book/source/main.ptx for placement in /Users/ryanscheirer/Documents/Physics Book/generated-assets/youtube
INFO    : XSL conversion of /Users/ryanscheirer/Documents/Physics Book/source/main.ptx by /Users/ryanscheirer/.ptx/2.18.1/core/xsl/extract-youtube.xsl
INFO    : messages from the log for XSL processing:
INFO    : * PTX:INFO:   checking ONLY the last TWO YEARS of element deprecations.
Rerun with the string parameter "author.deprecations.all" set to "yes" to check your source against all deprecations.
INFO    : successful application of /Users/ryanscheirer/.ptx/2.18.1/core/xsl/extract-youtube.xsl
INFO    : downloading http://i.ytimg.com/vi/2ilCSXm7iMQ/default.jpg as /Users/ryanscheirer/Documents/Physics Book/generated-assets/youtube/prep-vid-3d-kin-2.jpg...
INFO    : YouTube thumbnail download complete
INFO    : Generating generic video preview, aka "play button" into /Users/ryanscheirer/Documents/Physics Book/generated-assets/play-button
INFO    : XSL conversion of /Users/ryanscheirer/Documents/Physics Book/source/main.ptx by /Users/ryanscheirer/.ptx/2.18.1/core/xsl/utilities/report-publisher-variables.xsl
INFO    : successful application of /Users/ryanscheirer/.ptx/2.18.1/core/xsl/utilities/report-publisher-variables.xsl
INFO    : discovering source file's directory name: /Users/ryanscheirer/Documents/Physics Book/source
INFO    : verifying and expanding input directory: /Users/ryanscheirer/Documents/Physics Book/source/../generated-assets
INFO    : input directory expanded to absolute path: /Users/ryanscheirer/Documents/Physics Book/generated-assets
INFO    : verifying and expanding input directory: /Users/ryanscheirer/Documents/Physics Book/source/../assets
INFO    : input directory expanded to absolute path: /Users/ryanscheirer/Documents/Physics Book/assets
INFO    : manufacturing QR codes from /Users/ryanscheirer/Documents/Physics Book/source/main.ptx for placement in /Users/ryanscheirer/Documents/Physics Book/generated-assets/qrcode
INFO    : XSL conversion of /Users/ryanscheirer/Documents/Physics Book/source/main.ptx by /Users/ryanscheirer/.ptx/2.18.1/core/xsl/extract-qrcode.xsl
INFO    : messages from the log for XSL processing:
INFO    : * PTX:INFO:   checking ONLY the last TWO YEARS of element deprecations.
Rerun with the string parameter "author.deprecations.all" set to "yes" to check your source against all deprecations.
INFO    : successful application of /Users/ryanscheirer/.ptx/2.18.1/core/xsl/extract-qrcode.xsl
INFO    : creating URL with content "https://www.youtube.com/watch?v=2ilCSXm7iMQ" as /Users/ryanscheirer/Documents/Physics Book/generated-assets/qrcode/prep-vid-3d-kin-2.png...
INFO    : QR code creation complete
INFO    : Removing temporary directory /var/folders/yd/797bfkm139s902qlt0w1_59r0000gn/T/ptx-1v9n8cm9
INFO    : Removing temporary directory /var/folders/yd/797bfkm139s902qlt0w1_59r0000gn/T/ptx-q7i5ki_3
INFO    : Removing temporary directory /var/folders/yd/797bfkm139s902qlt0w1_59r0000gn/T/ptx-91syz4hd
INFO    : Finished generating assets.

INFO    : Preparing to build into /Users/ryanscheirer/Documents/Physics Book/output/print.
INFO    : discovering source file's directory name: /Users/ryanscheirer/Documents/Physics Book/source
INFO    : verifying and expanding input directory: /Users/ryanscheirer/Documents/Physics Book/source/../generated-assets
INFO    : input directory expanded to absolute path: /Users/ryanscheirer/Documents/Physics Book/generated-assets
INFO    : verifying and expanding input directory: /Users/ryanscheirer/Documents/Physics Book/source/../assets
INFO    : input directory expanded to absolute path: /Users/ryanscheirer/Documents/Physics Book/assets
INFO    : XSL conversion of /Users/ryanscheirer/Documents/Physics Book/source/main.ptx by /Users/ryanscheirer/.ptx/2.18.1/core/xsl/utilities/report-publisher-variables.xsl
INFO    : successful application of /Users/ryanscheirer/.ptx/2.18.1/core/xsl/utilities/report-publisher-variables.xsl
INFO    : converting /Users/ryanscheirer/Documents/Physics Book/source/main.ptx to LaTeX as /var/folders/yd/797bfkm139s902qlt0w1_59r0000gn/T/ptx-l5yw6700/main.tex
INFO    : XSL conversion of /Users/ryanscheirer/Documents/Physics Book/source/main.ptx by /Users/ryanscheirer/.ptx/2.18.1/core/xsl/pretext-latex.xsl
INFO    : messages from the log for XSL processing:
INFO    : * PTX:INFO:   checking ONLY the last TWO YEARS of element deprecations.
Rerun with the string parameter "author.deprecations.all" set to "yes" to check your source against all deprecations.
INFO    : successful application of /Users/ryanscheirer/.ptx/2.18.1/core/xsl/pretext-latex.xsl
INFO    : XSL conversion of /Users/ryanscheirer/Documents/Physics Book/source/main.ptx by /Users/ryanscheirer/.ptx/2.18.1/core/xsl/utilities/report-publisher-variables.xsl
INFO    : successful application of /Users/ryanscheirer/.ptx/2.18.1/core/xsl/utilities/report-publisher-variables.xsl
INFO    : Removing temporary directory /var/folders/yd/797bfkm139s902qlt0w1_59r0000gn/T/ptx-l5yw6700
INFO    : Removing temporary directory /var/folders/yd/797bfkm139s902qlt0w1_59r0000gn/T/ptx-r8w8jzok
INFO    : Removing temporary directory /var/folders/yd/797bfkm139s902qlt0w1_59r0000gn/T/ptx-4vpj03ty
INFO    : 
Success! The output is in /Users/ryanscheirer/Documents/Physics Book/output/print.

INFO    : 
